#
# A fatal error has been detected by the Java Runtime Environment:
#
#  Internal Error (javaClasses.cpp:124), pid=2036, tid=10436
#  fatal error: Invalid layout of preloaded class
#
# JRE version:  (8.0_05-b13) (build )
# Java VM: Java HotSpot(TM) 64-Bit Server VM (25.5-b02 mixed mode windows-amd64 compressed oops)
# Failed to write core dump. Minidumps are not enabled by default on client versions of Windows
#
# If you would like to submit a bug report, please visit:
#   http://bugreport.sun.com/bugreport/crash.jsp
#

---------------  T H R E A D  ---------------

Current thread (0x0000000001d1d800):  JavaThread "Unknown thread" [_thread_in_vm, id=10436, stack(0x0000000002360000,0x0000000002460000)]

Stack: [0x0000000002360000,0x0000000002460000]
Native frames: (J=compiled Java code, j=interpreted, Vv=VM code, C=native code)
V  [jvm.dll+0x308dea]
V  [jvm.dll+0x25def1]
V  [jvm.dll+0x25eb0f]
V  [jvm.dll+0x256466]
V  [jvm.dll+0x5d33c]
V  [jvm.dll+0x5d433]
V  [jvm.dll+0x71d2a]
V  [jvm.dll+0x72088]
V  [jvm.dll+0xe1607]
V  [jvm.dll+0xe1996]
V  [jvm.dll+0x1f13e7]
V  [jvm.dll+0x2227c4]
V  [jvm.dll+0x149f71]
C  [javaw.exe+0x208a]
C  [javaw.exe+0xc9db]
C  [javaw.exe+0xca6f]
C  [kernel32.dll+0x159ed]
C  [ntdll.dll+0x2c541]


---------------  P R O C E S S  ---------------

Java Threads: ( => current thread )

Other Threads:

=>0x0000000001d1d800 (exited) JavaThread "Unknown thread" [_thread_in_vm, id=10436, stack(0x0000000002360000,0x0000000002460000)]

VM state:not at safepoint (not fully initialized)

VM Mutex/Monitor currently owned by a thread: None

GC Heap History (0 events):
No events

Deoptimization events (0 events):
No events

Internal exceptions (0 events):
No events

Events (10 events):
Event: 0.013 loading class java/lang/CharSequence done
Event: 0.013 loading class java/lang/String done
Event: 0.013 loading class java/lang/Class
Event: 0.014 loading class java/lang/reflect/AnnotatedElement
Event: 0.014 loading class java/lang/reflect/AnnotatedElement done
Event: 0.014 loading class java/lang/reflect/GenericDeclaration
Event: 0.014 loading class java/lang/reflect/GenericDeclaration done
Event: 0.014 loading class java/lang/reflect/Type
Event: 0.014 loading class java/lang/reflect/Type done
Event: 0.014 loading class java/lang/Class done


Dynamic libraries:
0x000000013f870000 - 0x000000013f8a4000 	C:\Program Files\Java\jre8\bin\javaw.exe
0x0000000077950000 - 0x0000000077af9000 	C:\Windows\SYSTEM32\ntdll.dll
0x0000000077830000 - 0x000000007794f000 	C:\Windows\system32\kernel32.dll
0x000007fefda40000 - 0x000007fefdaac000 	C:\Windows\system32\KERNELBASE.dll
0x000007feff6e0000 - 0x000007feff7bb000 	C:\Windows\system32\ADVAPI32.dll
0x000007feffa70000 - 0x000007feffb0f000 	C:\Windows\system32\msvcrt.dll
0x000007feffc40000 - 0x000007feffc5f000 	C:\Windows\SYSTEM32\sechost.dll
0x000007feff330000 - 0x000007feff45d000 	C:\Windows\system32\RPCRT4.dll
0x0000000077730000 - 0x000000007782a000 	C:\Windows\system32\USER32.dll
0x000007feff080000 - 0x000007feff0e7000 	C:\Windows\system32\GDI32.dll
0x000007fefdee0000 - 0x000007fefdeee000 	C:\Windows\system32\LPK.dll
0x000007fefe180000 - 0x000007fefe249000 	C:\Windows\system32\USP10.dll
0x000007fefc030000 - 0x000007fefc224000 	C:\Windows\WinSxS\amd64_microsoft.windows.common-controls_6595b64144ccf1df_6.0.7601.17514_none_fa396087175ac9ac\COMCTL32.dll
0x000007fefdb20000 - 0x000007fefdb91000 	C:\Windows\system32\SHLWAPI.dll
0x000007fefdf50000 - 0x000007fefdf7e000 	C:\Windows\system32\IMM32.DLL
0x000007feff5d0000 - 0x000007feff6d9000 	C:\Windows\system32\MSCTF.dll
0x0000000061d00000 - 0x0000000061dd2000 	C:\Program Files\Java\jre8\bin\msvcr100.dll
0x000000005eb30000 - 0x000000005f35a000 	C:\Program Files\Java\jre8\bin\server\jvm.dll
0x000007fef41f0000 - 0x000007fef41f9000 	C:\Windows\system32\WSOCK32.dll
0x000007feffb10000 - 0x000007feffb5d000 	C:\Windows\system32\WS2_32.dll
0x000007fefded0000 - 0x000007fefded8000 	C:\Windows\system32\NSI.dll
0x000007fef8740000 - 0x000007fef877b000 	C:\Windows\system32\WINMM.dll
0x0000000077b10000 - 0x0000000077b17000 	C:\Windows\system32\PSAPI.DLL
0x00000000751d0000 - 0x00000000751df000 	C:\Program Files\Java\jre8\bin\verify.dll
0x0000000061cd0000 - 0x0000000061cf8000 	C:\Program Files\Java\jre8\bin\java.dll
0x00000000635d0000 - 0x00000000635e6000 	C:\Program Files\Java\jre8\bin\zip.dll
0x000007fef7790000 - 0x000007fef78b5000 	C:\Windows\system32\dbghelp.dll

VM Arguments:
jvm_args: -Dfile.encoding=Cp1252 -Xbootclasspath:G:\Languages\Android\adt-bundle-windows-x86_64-20140702\adt-bundle-windows-x86_64-20140702\sdk\platforms\android-17\android.jar 
java_command: com.issac.texttospeechapp.pdf.PDFReader
java_class_path (initial): G:\Languages\Android\MyAndroidWorkspace\TextToSpeechApp\bin\classes;G:\Languages\Android\MyAndroidWorkspace\appcompat_v7\libs\android-support-v7-appcompat.jar;G:\Languages\Android\MyAndroidWorkspace\TextToSpeechApp\libs\android-support-v4.jar;G:\Languages\Android\MyAndroidWorkspace\appcompat_v7\bin\appcompat_v7.jar;G:\Languages\Java\external plugins\pdfbox\pdfbox-app-1.8.7.jar
Launcher Type: SUN_STANDARD

Environment Variables:
CLASSPATH=.;C:\Program Files (x86)\Java\jre7\lib\ext\QTJava.zip
PATH=C:/Program Files/Java/jdk1.7.0_11/bin/../jre/bin/server;C:/Program Files/Java/jdk1.7.0_11/bin/../jre/bin;C:/Program Files/Java/jdk1.7.0_11/bin/../jre/lib/amd64;C:\Program Files\Java\jdk1.7.0_11\bin;c:\windows\system32;C:\Users\MAYANK\AppData\Local\GitHub\0237aecb-9ef3-4394-83c6-0fb4aa7cc76e\libexec\git-core;;G:\Languages\Android\adt-bundle-windows-x86_64-20140702\adt-bundle-windows-x86_64-20140702\eclipse;
USERNAME=MAYANK
OS=Windows_NT



---------------  S Y S T E M  ---------------

OS: Windows 7 , 64 bit Build 7601 Service Pack 1

CPU:total 4 (2 cores per cpu, 2 threads per core) family 6 model 42 stepping 7, cmov, cx8, fxsr, mmx, sse, sse2, sse3, ssse3, sse4.1, sse4.2, popcnt, avx, clmul, ht, tsc, tscinvbit

Memory: 4k page, physical 4085104k(923312k free), swap 10768156k(3861464k free)

vm_info: Java HotSpot(TM) 64-Bit Server VM (25.5-b02) for windows-amd64 JRE (1.8.0_05-b13), built on Mar 18 2014 01:08:39 by "java_re" with MS VC++ 10.0 (VS2010)

time: Sun Oct 26 02:12:26 2014
elapsed time: 0 seconds

